15:36:50: Creating resource group General
15:36:50: Creating resource group Internal
15:36:50: Creating resource group Autodetect
15:36:50: SceneManagerFactory for type 'DefaultSceneManager' registered.
15:36:50: Registering ResourceManager for type Material
15:36:50: Registering ResourceManager for type Mesh
15:36:50: Registering ResourceManager for type Skeleton
15:36:50: MovableObjectFactory for type 'ParticleSystem' registered.
15:36:50: OverlayElementFactory for type Panel registered.
15:36:50: OverlayElementFactory for type BorderPanel registered.
15:36:50: OverlayElementFactory for type TextArea registered.
15:36:50: Registering ResourceManager for type Font
15:36:50: ArchiveFactory for archive type FileSystem registered.
15:36:50: ArchiveFactory for archive type Zip registered.
15:36:50: ArchiveFactory for archive type EmbeddedZip registered.
15:36:50: DDS codec registering
15:36:50: FreeImage version: 3.15.1
15:36:50: This program uses FreeImage, a free, open source image library supporting all common bitmap formats. See http://freeimage.sourceforge.net for details
15:36:50: Supported formats: bmp,ico,jpg,jif,jpeg,jpe,jng,koa,iff,lbm,mng,pbm,pbm,pcd,pcx,pgm,pgm,png,ppm,ppm,ras,tga,targa,tif,tiff,wap,wbmp,wbm,psd,cut,xbm,xpm,gif,hdr,g3,sgi,exr,j2k,j2c,jp2,pfm,pct,pict,pic,3fr,arw,bay,bmq,cap,cine,cr2,crw,cs1,dc2,dcr,drf,dsc,dng,erf,fff,ia,iiq,k25,kc2,kdc,mdc,mef,mos,mrw,nef,nrw,orf,pef,ptx,pxn,qtk,raf,raw,rdc,rw2,rwl,rwz,sr2,srf,sti
15:36:50: Registering ResourceManager for type HighLevelGpuProgram
15:36:50: Registering ResourceManager for type Compositor
15:36:50: MovableObjectFactory for type 'Entity' registered.
15:36:50: MovableObjectFactory for type 'Light' registered.
15:36:50: MovableObjectFactory for type 'BillboardSet' registered.
15:36:50: MovableObjectFactory for type 'ManualObject' registered.
15:36:50: MovableObjectFactory for type 'BillboardChain' registered.
15:36:50: MovableObjectFactory for type 'RibbonTrail' registered.
15:36:50: Loading library plugins/RenderSystem_GL
15:36:50: Installing plugin: GL RenderSystem
15:36:50: OpenGL Rendering Subsystem created.
15:36:50: Plugin successfully installed
15:36:50: Loading library plugins/Plugin_ParticleFX
15:36:50: Installing plugin: ParticleFX
15:36:50: Particle Emitter Type 'Point' registered
15:36:50: Particle Emitter Type 'Box' registered
15:36:50: Particle Emitter Type 'Ellipsoid' registered
15:36:50: Particle Emitter Type 'Cylinder' registered
15:36:50: Particle Emitter Type 'Ring' registered
15:36:50: Particle Emitter Type 'HollowEllipsoid' registered
15:36:50: Particle Affector Type 'LinearForce' registered
15:36:50: Particle Affector Type 'ColourFader' registered
15:36:50: Particle Affector Type 'ColourFader2' registered
15:36:50: Particle Affector Type 'ColourImage' registered
15:36:50: Particle Affector Type 'ColourInterpolator' registered
15:36:50: Particle Affector Type 'Scaler' registered
15:36:50: Particle Affector Type 'Rotator' registered
15:36:50: Particle Affector Type 'DirectionRandomiser' registered
15:36:50: Particle Affector Type 'DeflectorPlane' registered
15:36:50: Plugin successfully installed
15:36:50: Loading library plugins/Plugin_BSPSceneManager
15:36:50: Installing plugin: BSP Scene Manager
15:36:50: Plugin successfully installed
15:36:50: Loading library plugins/Plugin_PCZSceneManager
15:36:50: Installing plugin: Portal Connected Zone Scene Manager
15:36:50: PCZone Factory Type 'ZoneType_Default' registered
15:36:50: Plugin successfully installed
15:36:50: Loading library plugins/Plugin_OctreeZone
15:36:50: Installing plugin: Octree Zone Factory
15:36:50: Plugin successfully installed
15:36:50: Loading library plugins/Plugin_OctreeSceneManager
15:36:50: Installing plugin: Octree Scene Manager
15:36:50: Plugin successfully installed
15:36:50: *-*-* OGRE Initialising
15:36:50: *-*-* Version 1.8.0 (Byatis)
15:36:50: Added resource location 'media' of type 'FileSystem' to resource group 'General'
15:36:50: CPU Identifier & Features
15:36:50: -------------------------
15:36:50:  *   CPU ID: GenuineIntel: Celeron(R) Dual-Core CPU       T3500  @ 2.10GHz
15:36:50:  *      SSE: yes
15:36:50:  *     SSE2: yes
15:36:50:  *     SSE3: yes
15:36:50:  *      MMX: yes
15:36:50:  *   MMXEXT: yes
15:36:50:  *    3DNOW: no
15:36:50:  * 3DNOWEXT: no
15:36:50:  *     CMOV: yes
15:36:50:  *      TSC: yes
15:36:50:  *      FPU: yes
15:36:50:  *      PRO: yes
15:36:50:  *       HT: no
15:36:50: -------------------------
15:36:50: ******************************
*** Starting GLX Subsystem ***
******************************
15:36:50: Registering ResourceManager for type Texture
15:36:50: GLRenderSystem::_createRenderWindow "myOgre Render Window", 1366x768 fullscreen  miscParams: FSAA=0 displayFrequency=60 Hz gamma=No vsync=No 
15:36:50: OGRE EXCEPTION(6:FileNotFoundException): Cannot locate resource GLX_icon.png in resource group General or any other group. in ResourceGroupManager::openResource at /tmp/buildd/ogre-1.8-1.8.0+dfsg1/OgreMain/src/OgreResourceGroupManager.cpp (line 756)
15:36:50: GLXWindow::create used FBConfigID = 105
15:36:50: GL_VERSION = 2.1 Mesa 8.0.4
15:36:50: GL_VENDOR = Tungsten Graphics, Inc
15:36:50: GL_RENDERER = Mesa DRI Mobile Intel® GM45 Express Chipset 
15:36:50: GL_EXTENSIONS = GL_ARB_multisample GL_EXT_abgr GL_EXT_bgra GL_EXT_blend_color GL_EXT_blend_minmax GL_EXT_blend_subtract GL_EXT_copy_texture GL_EXT_polygon_offset GL_EXT_subtexture GL_EXT_texture_object GL_EXT_vertex_array GL_EXT_compiled_vertex_array GL_EXT_texture GL_EXT_texture3D GL_IBM_rasterpos_clip GL_ARB_point_parameters GL_EXT_draw_range_elements GL_EXT_packed_pixels GL_EXT_point_parameters GL_EXT_rescale_normal GL_EXT_separate_specular_color GL_EXT_texture_edge_clamp GL_SGIS_generate_mipmap GL_SGIS_texture_border_clamp GL_SGIS_texture_edge_clamp GL_SGIS_texture_lod GL_ARB_framebuffer_sRGB GL_ARB_multitexture GL_EXT_framebuffer_sRGB GL_IBM_multimode_draw_arrays GL_IBM_texture_mirrored_repeat GL_3DFX_texture_compression_FXT1 GL_ARB_texture_cube_map GL_ARB_texture_env_add GL_ARB_transpose_matrix GL_EXT_blend_func_separate GL_EXT_fog_coord GL_EXT_multi_draw_arrays GL_EXT_secondary_color GL_EXT_texture_env_add GL_EXT_texture_filter_anisotropic GL_EXT_texture_lod_bias GL_INGR_blend_func_separate GL_NV_blend_square GL_NV_light_max_exponent GL_NV_texgen_reflection GL_NV_texture_env_combine4 GL_SUN_multi_draw_arrays GL_ARB_texture_border_clamp GL_ARB_texture_compression GL_EXT_framebuffer_object GL_EXT_texture_env_combine GL_EXT_texture_env_dot3 GL_MESA_window_pos GL_NV_packed_depth_stencil GL_NV_texture_rectangle GL_NV_vertex_program GL_ARB_depth_texture GL_ARB_occlusion_query GL_ARB_shadow GL_ARB_texture_env_combine GL_ARB_texture_env_crossbar GL_ARB_texture_env_dot3 GL_ARB_texture_mirrored_repeat GL_ARB_window_pos GL_ATI_envmap_bumpmap GL_EXT_stencil_two_side GL_EXT_texture_cube_map GL_NV_depth_clamp GL_NV_vertex_program1_1 GL_APPLE_packed_pixels GL_APPLE_vertex_array_object GL_ARB_draw_buffers GL_ARB_fragment_program GL_ARB_fragment_shader GL_ARB_shader_objects GL_ARB_vertex_program GL_ARB_vertex_shader GL_ATI_draw_buffers GL_ATI_texture_env_combine3 GL_ATI_texture_float GL_EXT_shadow_funcs GL_EXT_stencil_wrap GL_MESA_pack_invert GL_MESA_ycbcr_texture GL_ARB_depth_clamp GL_ARB_fragment_program_shadow GL_ARB_half_float_pixel GL_ARB_point_sprite GL_ARB_shading_language_100 GL_ARB_sync GL_ARB_texture_non_power_of_two GL_ARB_vertex_buffer_object GL_ATI_blend_equation_separate GL_EXT_blend_equation_separate GL_OES_read_format GL_ARB_color_buffer_float GL_ARB_pixel_buffer_object GL_ARB_texture_compression_rgtc GL_ARB_texture_float GL_ARB_texture_rectangle GL_EXT_packed_float GL_EXT_pixel_buffer_object GL_EXT_texture_compression_rgtc GL_EXT_texture_rectangle GL_EXT_texture_sRGB GL_EXT_texture_shared_exponent GL_ARB_framebuffer_object GL_EXT_framebuffer_blit GL_EXT_framebuffer_multisample GL_EXT_packed_depth_stencil GL_APPLE_object_purgeable GL_ARB_vertex_array_object GL_ATI_separate_stencil GL_EXT_draw_buffers2 GL_EXT_gpu_program_parameters GL_EXT_texture_array GL_EXT_texture_integer GL_EXT_texture_sRGB_decode GL_OES_EGL_image GL_MESA_texture_array GL_ARB_copy_buffer GL_ARB_depth_buffer_float GL_ARB_half_float_vertex GL_ARB_map_buffer_range GL_ARB_texture_rg GL_ARB_texture_swizzle GL_ARB_vertex_array_bgra GL_EXT_separate_shader_objects GL_EXT_texture_swizzle GL_EXT_vertex_array_bgra GL_NV_conditional_render GL_ARB_ES2_compatibility GL_ARB_draw_elements_base_vertex GL_ARB_explicit_attrib_location GL_ARB_fragment_coord_conventions GL_ARB_provoking_vertex GL_ARB_sampler_objects GL_ARB_seamless_cube_map GL_ARB_shader_texture_lod GL_EXT_provoking_vertex GL_EXT_texture_snorm GL_MESA_texture_signed_rgba GL_ARB_robustness 
15:36:50: Supported GLX extensions: GLX_ARB_get_proc_address GLX_ARB_multisample GLX_EXT_import_context GLX_EXT_visual_info GLX_EXT_visual_rating GLX_MESA_copy_sub_buffer GLX_MESA_multithread_makecurrent GLX_MESA_swap_control GLX_OML_swap_method GLX_OML_sync_control GLX_SGI_make_current_read GLX_SGI_swap_control GLX_SGI_video_sync GLX_SGIS_multisample GLX_SGIX_fbconfig GLX_SGIX_pbuffer GLX_SGIX_visual_select_group GLX_EXT_texture_from_pixmap 
15:36:50: ***************************
15:36:50: *** GL Renderer Started ***
15:36:50: ***************************
15:36:50: Registering ResourceManager for type GpuProgram
15:36:50: GLSL support detected
15:36:50: GL: Using GL_EXT_framebuffer_object for rendering to textures (best)
15:36:50: FBO PF_UNKNOWN depth/stencil support: D0S1 D0S4 D0S8 D0S16 D16S0 D24S0 D32S0 Packed-D24S8 
15:36:50: FBO PF_A8 depth/stencil support: D0S0 D0S1 D0S4 D0S8 D0S16 D16S0 D24S0 D32S0 Packed-D24S8 
15:36:50: FBO PF_R5G6B5 depth/stencil support: D0S0 D0S1 D0S4 D0S8 D0S16 D16S0 D24S0 D32S0 Packed-D24S8 
15:36:50: FBO PF_B5G6R5 depth/stencil support: D0S0 D0S1 D0S4 D0S8 D0S16 D16S0 D24S0 D32S0 Packed-D24S8 
15:36:50: FBO PF_A4R4G4B4 depth/stencil support: D0S0 D0S1 D0S4 D0S8 D0S16 D16S0 D24S0 D32S0 Packed-D24S8 
15:36:50: FBO PF_A1R5G5B5 depth/stencil support: D0S0 D0S1 D0S4 D0S8 D0S16 D16S0 D24S0 D32S0 Packed-D24S8 
15:36:50: FBO PF_R8G8B8 depth/stencil support: D0S0 D0S1 D0S4 D0S8 D0S16 D16S0 D24S0 D32S0 Packed-D24S8 
15:36:50: FBO PF_B8G8R8 depth/stencil support: D0S0 D0S1 D0S4 D0S8 D0S16 D16S0 D24S0 D32S0 Packed-D24S8 
15:36:50: FBO PF_A8R8G8B8 depth/stencil support: D0S0 D0S1 D0S4 D0S8 D0S16 D16S0 D24S0 D32S0 Packed-D24S8 
15:36:50: FBO PF_B8G8R8A8 depth/stencil support: D0S0 D0S1 D0S4 D0S8 D0S16 D16S0 D24S0 D32S0 Packed-D24S8 
15:36:50: FBO PF_A2R10G10B10 depth/stencil support: D0S0 D0S1 D0S4 D0S8 D0S16 D16S0 D24S0 D32S0 Packed-D24S8 
15:36:50: FBO PF_A2B10G10R10 depth/stencil support: D0S0 D0S1 D0S4 D0S8 D0S16 D16S0 D24S0 D32S0 Packed-D24S8 
15:36:50: FBO PF_FLOAT16_RGB depth/stencil support: D0S0 D0S1 D0S4 D0S8 D0S16 D16S0 D24S0 D32S0 Packed-D24S8 
15:36:50: FBO PF_FLOAT16_RGBA depth/stencil support: D0S0 D0S1 D0S4 D0S8 D0S16 D16S0 D24S0 D32S0 Packed-D24S8 
15:36:50: FBO PF_FLOAT32_RGB depth/stencil support: D0S0 D0S1 D0S4 D0S8 D0S16 D16S0 D24S0 D32S0 Packed-D24S8 
15:36:50: FBO PF_FLOAT32_RGBA depth/stencil support: D0S0 D0S1 D0S4 D0S8 D0S16 D16S0 D24S0 D32S0 Packed-D24S8 
15:36:50: FBO PF_X8R8G8B8 depth/stencil support: D0S0 D0S1 D0S4 D0S8 D0S16 D16S0 D24S0 D32S0 Packed-D24S8 
15:36:50: FBO PF_X8B8G8R8 depth/stencil support: D0S0 D0S1 D0S4 D0S8 D0S16 D16S0 D24S0 D32S0 Packed-D24S8 
15:36:50: FBO PF_SHORT_RGBA depth/stencil support: D0S0 D0S1 D0S4 D0S8 D0S16 D16S0 D24S0 D32S0 Packed-D24S8 
15:36:50: FBO PF_R3G3B2 depth/stencil support: D0S0 D0S1 D0S4 D0S8 D0S16 D16S0 D24S0 D32S0 Packed-D24S8 
15:36:50: FBO PF_FLOAT16_R depth/stencil support: D0S0 D0S1 D0S4 D0S8 D0S16 D16S0 D24S0 D32S0 Packed-D24S8 
15:36:50: FBO PF_FLOAT32_R depth/stencil support: D0S0 D0S1 D0S4 D0S8 D0S16 D16S0 D24S0 D32S0 Packed-D24S8 
15:36:50: FBO PF_SHORT_RGB depth/stencil support: D0S0 D0S1 D0S4 D0S8 D0S16 D16S0 D24S0 D32S0 Packed-D24S8 
15:36:50: [GL] : Valid FBO targets PF_UNKNOWN PF_A8 PF_R5G6B5 PF_B5G6R5 PF_A4R4G4B4 PF_A1R5G5B5 PF_R8G8B8 PF_B8G8R8 PF_A8R8G8B8 PF_B8G8R8A8 PF_A2R10G10B10 PF_A2B10G10R10 PF_FLOAT16_RGB PF_FLOAT16_RGBA PF_FLOAT32_RGB PF_FLOAT32_RGBA PF_X8R8G8B8 PF_X8B8G8R8 PF_SHORT_RGBA PF_R3G3B2 PF_FLOAT16_R PF_FLOAT32_R PF_SHORT_RGB 
15:36:50: RenderSystem capabilities
15:36:50: -------------------------
15:36:50: RenderSystem Name: OpenGL Rendering Subsystem
15:36:50: GPU Vendor: unknown
15:36:50: Device Name: Mesa DRI Mobile Intel® GM45 Express Chipset 
15:36:50: Driver Version: 2.1.0.0
15:36:50:  * Fixed function pipeline: yes
15:36:50:  * Hardware generation of mipmaps: yes
15:36:50:  * Texture blending: yes
15:36:50:  * Anisotropic texture filtering: yes
15:36:50:  * Dot product texture operation: yes
15:36:50:  * Cube mapping: yes
15:36:50:  * Hardware stencil buffer: yes
15:36:50:    - Stencil depth: 8
15:36:50:    - Two sided stencil support: yes
15:36:50:    - Wrap stencil values: yes
15:36:50:  * Hardware vertex / index buffers: yes
15:36:50:  * Vertex programs: yes
15:36:50:  * Number of floating-point constants for vertex programs: 4096
15:36:50:  * Number of integer constants for vertex programs: 0
15:36:50:  * Number of boolean constants for vertex programs: 0
15:36:50:  * Fragment programs: yes
15:36:50:  * Number of floating-point constants for fragment programs: 4096
15:36:50:  * Number of integer constants for fragment programs: 0
15:36:50:  * Number of boolean constants for fragment programs: 0
15:36:50:  * Geometry programs: no
15:36:50:  * Number of floating-point constants for geometry programs: 0
15:36:50:  * Number of integer constants for geometry programs: 0
15:36:50:  * Number of boolean constants for geometry programs: 0
15:36:50:  * Supported Shader Profiles: arbfp1 arbvp1 glsl
15:36:50:  * Texture Compression: yes
15:36:50:    - DXT: no
15:36:50:    - VTC: no
15:36:50:    - PVRTC: no
15:36:50:  * Scissor Rectangle: yes
15:36:50:  * Hardware Occlusion Query: yes
15:36:50:  * User clip planes: yes
15:36:50:  * VET_UBYTE4 vertex element type: yes
15:36:50:  * Infinite far plane projection: yes
15:36:50:  * Hardware render-to-texture: yes
15:36:50:  * Floating point textures: yes
15:36:50:  * Non-power-of-two textures: yes
15:36:50:  * Volume textures: yes
15:36:50:  * Multiple Render Targets: 8
15:36:50:    - With different bit depths: yes
15:36:50:  * Point Sprites: yes
15:36:50:  * Extended point parameters: yes
15:36:50:  * Max Point Size: 255
15:36:50:  * Vertex texture fetch: yes
15:36:50:  * Number of world matrices: 0
15:36:50:  * Number of texture units: 16
15:36:50:  * Stencil buffer depth: 8
15:36:50:  * Number of vertex blend matrices: 0
15:36:50:    - Max vertex textures: 16
15:36:50:    - Vertex textures shared: yes
15:36:50:  * Render to Vertex Buffer : no
15:36:50:  * GL 1.5 without VBO workaround: no
15:36:50:  * Frame Buffer objects: yes
15:36:50:  * Frame Buffer objects (ARB extension): no
15:36:50:  * Frame Buffer objects (ATI extension): no
15:36:50:  * PBuffer support: yes
15:36:50:  * GL 1.5 without HW-occlusion workaround: no
15:36:50:  * Separate shader objects: no
15:36:50: DefaultWorkQueue('Root') initialising on thread 0x14dca70.
15:36:50: Particle Renderer Type 'billboard' registered
15:36:50: SceneManagerFactory for type 'BspSceneManager' registered.
15:36:50: Registering ResourceManager for type BspLevel
15:36:50: SceneManagerFactory for type 'PCZSceneManager' registered.
15:36:50: MovableObjectFactory for type 'PCZLight' registered.
15:36:50: MovableObjectFactory for type 'Portal' registered.
15:36:50: MovableObjectFactory for type 'AntiPortal' registered.
15:36:50: PCZone Factory Type 'ZoneType_Octree' registered
15:36:50: SceneManagerFactory for type 'OctreeSceneManager' registered.
15:36:50: *** Initializing OIS ***
15:36:50: DefaultWorkQueue('Root')::WorkerFunc - thread 0x16fd620 starting.
15:36:50: DefaultWorkQueue('Root')::WorkerFunc - thread 0x15170b0 starting.
15:36:50: Parsing scripts for resource group Autodetect
15:36:50: Finished parsing scripts for resource group Autodetect
15:36:50: Creating resources for group Autodetect
15:36:50: All done
15:36:50: Parsing scripts for resource group General
15:36:50: Parsing script cielo.material
15:36:50: Parsing script Sinbad.material
15:36:50: Parsing script rockwall.material
15:36:50: Finished parsing scripts for resource group General
15:36:50: Creating resources for group General
15:36:50: All done
15:36:50: Parsing scripts for resource group Internal
15:36:50: Finished parsing scripts for resource group Internal
15:36:50: Creating resources for group Internal
15:36:50: All done
15:36:50: Terrain created; size=513 minBatch=33 maxBatch=65 treeDepth=4 lodLevels=5 leafLods=2
15:36:50: OGRE EXCEPTION(3:RenderingAPIException): Failed to preprocess shader OgreTerrain/4192315663/sm2/vp/hlod/hlod in loadFromSource at /tmp/buildd/ogre-1.8-1.8.0+dfsg1/RenderSystems/GL/src/GLSL/src/OgreGLSLProgram.cpp (line 131)
15:36:50: High-level program OgreTerrain/4192315663/sm2/vp/hlod/hlod encountered an error during loading and is thus not supported.
OGRE EXCEPTION(3:RenderingAPIException): Failed to preprocess shader OgreTerrain/4192315663/sm2/vp/hlod/hlod in loadFromSource at /tmp/buildd/ogre-1.8-1.8.0+dfsg1/RenderSystems/GL/src/GLSL/src/OgreGLSLProgram.cpp (line 131)
15:36:50: OGRE EXCEPTION(3:RenderingAPIException): Failed to preprocess shader OgreTerrain/4192315663/sm2/fp/hlod in loadFromSource at /tmp/buildd/ogre-1.8-1.8.0+dfsg1/RenderSystems/GL/src/GLSL/src/OgreGLSLProgram.cpp (line 131)
15:36:50: High-level program OgreTerrain/4192315663/sm2/fp/hlod encountered an error during loading and is thus not supported.
OGRE EXCEPTION(3:RenderingAPIException): Failed to preprocess shader OgreTerrain/4192315663/sm2/fp/hlod in loadFromSource at /tmp/buildd/ogre-1.8-1.8.0+dfsg1/RenderSystems/GL/src/GLSL/src/OgreGLSLProgram.cpp (line 131)
15:36:50: OGRE EXCEPTION(3:RenderingAPIException): Failed to preprocess shader OgreTerrain/4192315663/sm2/vp/llod/llod in loadFromSource at /tmp/buildd/ogre-1.8-1.8.0+dfsg1/RenderSystems/GL/src/GLSL/src/OgreGLSLProgram.cpp (line 131)
15:36:50: High-level program OgreTerrain/4192315663/sm2/vp/llod/llod encountered an error during loading and is thus not supported.
OGRE EXCEPTION(3:RenderingAPIException): Failed to preprocess shader OgreTerrain/4192315663/sm2/vp/llod/llod in loadFromSource at /tmp/buildd/ogre-1.8-1.8.0+dfsg1/RenderSystems/GL/src/GLSL/src/OgreGLSLProgram.cpp (line 131)
15:36:50: OGRE EXCEPTION(3:RenderingAPIException): Failed to preprocess shader OgreTerrain/4192315663/sm2/fp/llod in loadFromSource at /tmp/buildd/ogre-1.8-1.8.0+dfsg1/RenderSystems/GL/src/GLSL/src/OgreGLSLProgram.cpp (line 131)
15:36:50: High-level program OgreTerrain/4192315663/sm2/fp/llod encountered an error during loading and is thus not supported.
OGRE EXCEPTION(3:RenderingAPIException): Failed to preprocess shader OgreTerrain/4192315663/sm2/fp/llod in loadFromSource at /tmp/buildd/ogre-1.8-1.8.0+dfsg1/RenderSystems/GL/src/GLSL/src/OgreGLSLProgram.cpp (line 131)
15:36:50: WARNING: material OgreTerrain/4192315663 has no supportable Techniques and will be blank. Explanation: 
Pass 0: Vertex program OgreTerrain/4192315663/sm2/vp/hlod/hlod cannot be used - compile error.
Pass 0: Vertex program OgreTerrain/4192315663/sm2/vp/llod/llod cannot be used - compile error.

15:36:50: OGRE EXCEPTION(3:RenderingAPIException): Failed to preprocess shader OgreTerrain/4192315663/sm2/vp/comp/comp in loadFromSource at /tmp/buildd/ogre-1.8-1.8.0+dfsg1/RenderSystems/GL/src/GLSL/src/OgreGLSLProgram.cpp (line 131)
15:36:50: High-level program OgreTerrain/4192315663/sm2/vp/comp/comp encountered an error during loading and is thus not supported.
OGRE EXCEPTION(3:RenderingAPIException): Failed to preprocess shader OgreTerrain/4192315663/sm2/vp/comp/comp in loadFromSource at /tmp/buildd/ogre-1.8-1.8.0+dfsg1/RenderSystems/GL/src/GLSL/src/OgreGLSLProgram.cpp (line 131)
15:36:50: OGRE EXCEPTION(3:RenderingAPIException): Failed to preprocess shader OgreTerrain/4192315663/sm2/fp/comp in loadFromSource at /tmp/buildd/ogre-1.8-1.8.0+dfsg1/RenderSystems/GL/src/GLSL/src/OgreGLSLProgram.cpp (line 131)
15:36:50: High-level program OgreTerrain/4192315663/sm2/fp/comp encountered an error during loading and is thus not supported.
OGRE EXCEPTION(3:RenderingAPIException): Failed to preprocess shader OgreTerrain/4192315663/sm2/fp/comp in loadFromSource at /tmp/buildd/ogre-1.8-1.8.0+dfsg1/RenderSystems/GL/src/GLSL/src/OgreGLSLProgram.cpp (line 131)
15:36:50: WARNING: material OgreTerrain/4192315663/comp has no supportable Techniques and will be blank. Explanation: 
Pass 0: Vertex program OgreTerrain/4192315663/sm2/vp/comp/comp cannot be used - compile error.

15:38:43: Mesh: Loading Sinbad.mesh.
15:38:43: Skeleton: Loading Sinbad.skeleton
15:38:43: WARNING: Sinbad.mesh is an older format ([MeshSerializer_v1.40]); you should upgrade it as soon as possible using the OgreMeshUpgrade tool.
15:38:43: Texture: sinbad_body.tga: Loading 1 faces(PF_R8G8B8,512x512x1) with 5 hardware generated mipmaps from Image. Internal format is PF_X8R8G8B8,512x512x1.
15:38:43: Texture: sinbad_clothes.tga: Loading 1 faces(PF_R8G8B8,512x512x1) with 5 hardware generated mipmaps from Image. Internal format is PF_X8R8G8B8,512x512x1.
15:38:43: Texture: sinbad_sword.tga: Loading 1 faces(PF_R8G8B8,256x256x1) with 5 hardware generated mipmaps from Image. Internal format is PF_X8R8G8B8,256x256x1.
15:38:43: WARNING: the mesh 'Sinbad.mesh' includes vertices with more than 4 bone assignments. The lowest weighted assignments beyond this limit have been removed, so your animation may look slightly different. To eliminate this, reduce the number of bone assignments per vertex on your mesh to 4.
15:40:03: DefaultWorkQueue('Root') shutting down on thread 0x14dca70.
15:40:03: DefaultWorkQueue('Root')::WorkerFunc - thread 0x16fd620 stopped.
15:40:03: DefaultWorkQueue('Root')::WorkerFunc - thread 0x15170b0 stopped.
15:40:03: PCZone Factory Type 'ZoneType_Octree' unregistered
15:40:03: Unregistering ResourceManager for type BspLevel
15:40:03: *-*-* OGRE Shutdown
15:40:03: Unregistering ResourceManager for type Compositor
15:40:03: Unregistering ResourceManager for type Font
15:40:03: Unregistering ResourceManager for type Skeleton
15:40:03: Unregistering ResourceManager for type Mesh
15:40:03: Unregistering ResourceManager for type HighLevelGpuProgram
15:40:03: Uninstalling plugin: Octree Scene Manager
15:40:03: Plugin successfully uninstalled
15:40:03: Unloading library plugins/Plugin_OctreeSceneManager
15:40:03: Uninstalling plugin: Octree Zone Factory
15:40:03: Plugin successfully uninstalled
15:40:03: Unloading library plugins/Plugin_OctreeZone
15:40:03: Uninstalling plugin: Portal Connected Zone Scene Manager
15:40:03: Plugin successfully uninstalled
15:40:03: Unloading library plugins/Plugin_PCZSceneManager
15:40:03: Uninstalling plugin: BSP Scene Manager
15:40:03: Plugin successfully uninstalled
15:40:03: Unloading library plugins/Plugin_BSPSceneManager
15:40:03: Uninstalling plugin: ParticleFX
15:40:03: Plugin successfully uninstalled
15:40:03: Unloading library plugins/Plugin_ParticleFX
15:40:03: Uninstalling plugin: GL RenderSystem
15:40:04: Unregistering ResourceManager for type GpuProgram
15:40:04: ******************************
*** Stopping GLX Subsystem ***
******************************
15:40:04: Unregistering ResourceManager for type Texture
15:40:04: Plugin successfully uninstalled
15:40:04: Unloading library plugins/RenderSystem_GL
15:40:04: Unregistering ResourceManager for type Material
