20:12:15: Creating resource group General
20:12:15: Creating resource group Internal
20:12:15: Creating resource group Autodetect
20:12:15: SceneManagerFactory for type 'DefaultSceneManager' registered.
20:12:15: Registering ResourceManager for type Material
20:12:15: Registering ResourceManager for type Mesh
20:12:15: Registering ResourceManager for type Skeleton
20:12:15: MovableObjectFactory for type 'ParticleSystem' registered.
20:12:15: OverlayElementFactory for type Panel registered.
20:12:15: OverlayElementFactory for type BorderPanel registered.
20:12:15: OverlayElementFactory for type TextArea registered.
20:12:15: Registering ResourceManager for type Font
20:12:15: ArchiveFactory for archive type FileSystem registered.
20:12:15: ArchiveFactory for archive type Zip registered.
20:12:15: DDS codec registering
20:12:15: FreeImage version: 3.15.1
20:12:15: This program uses FreeImage, a free, open source image library supporting all common bitmap formats. See http://freeimage.sourceforge.net for details
20:12:15: Supported formats: bmp,ico,jpg,jif,jpeg,jpe,jng,koa,iff,lbm,mng,pbm,pbm,pcd,pcx,pgm,pgm,png,ppm,ppm,ras,tga,targa,tif,tiff,wap,wbmp,wbm,psd,cut,xbm,xpm,gif,hdr,g3,sgi,exr,j2k,j2c,jp2,pfm,pct,pict,pic,3fr,arw,bay,bmq,cap,cine,cr2,crw,cs1,dc2,dcr,drf,dsc,dng,erf,fff,ia,iiq,k25,kc2,kdc,mdc,mef,mos,mrw,nef,nrw,orf,pef,ptx,pxn,qtk,raf,raw,rdc,rw2,rwl,rwz,sr2,srf,sti
20:12:15: Registering ResourceManager for type HighLevelGpuProgram
20:12:15: Registering ResourceManager for type Compositor
20:12:15: MovableObjectFactory for type 'Entity' registered.
20:12:15: MovableObjectFactory for type 'Light' registered.
20:12:15: MovableObjectFactory for type 'BillboardSet' registered.
20:12:15: MovableObjectFactory for type 'ManualObject' registered.
20:12:15: MovableObjectFactory for type 'BillboardChain' registered.
20:12:15: MovableObjectFactory for type 'RibbonTrail' registered.
20:12:15: OGRE EXCEPTION(6:FileNotFoundException): 'conf/plugins.cfg' file not found! in ConfigFile::load at /tmp/buildd/ogre-1.7.4+dfsg1/OgreMain/src/OgreConfigFile.cpp (line 83)
20:12:15: conf/plugins.cfg not found, automatic plugin loading disabled.
20:12:15: *-*-* OGRE Initialising
20:12:15: *-*-* Version 1.7.4 (Cthugha)
20:12:15: OGRE EXCEPTION(6:FileNotFoundException): 'conf/resources2.cfg' file not found! in ConfigFile::load at /tmp/buildd/ogre-1.7.4+dfsg1/OgreMain/src/OgreConfigFile.cpp (line 83)
